

times in msec
 clock   self+sourced   self:  sourced script
 clock   elapsed:              other lines

000.022  000.022: --- NVIM STARTING ---
001.073  001.051: locale set
002.841  001.768: inits 1
002.922  000.081: window checked
002.942  000.020: parsing arguments
025.799  022.857: init lua interpreter
026.480  000.681: expanding arguments
026.642  000.162: inits 2
029.263  002.620: init highlight
029.280  000.018: waiting for UI
034.154  004.874: done waiting for UI
034.205  000.051: init screen for UI
034.337  000.132: init default mappings
034.535  000.197: init default autocommands
040.969  000.408  000.408: sourcing /data/data/com.termux/files/usr/share/nvim/runtime/ftplugin.vim
042.010  000.341  000.341: sourcing /data/data/com.termux/files/usr/share/nvim/runtime/indent.vim
042.574  000.278  000.278: sourcing $VIM/sysinit.vim
129.746  011.927  011.927: sourcing /data/data/com.termux/files/home/.local/share/nvim/site/pack/packer/start/material.nvim/colors/material.vim
129.824  087.051  075.125: sourcing /data/data/com.termux/files/home/.config/nvim/init.lua
129.884  007.271: sourcing vimrc file(s)
133.243  002.224  002.224: sourcing /data/data/com.termux/files/usr/share/nvim/runtime/filetype.lua
133.593  000.136  000.136: sourcing /data/data/com.termux/files/usr/share/nvim/runtime/filetype.vim
135.336  000.749  000.749: sourcing /data/data/com.termux/files/usr/share/nvim/runtime/syntax/synload.vim
151.066  006.090  006.090: sourcing /data/data/com.termux/files/usr/share/nvim/runtime/plugin/fzf.vim

151.370  000.125  000.125: sourcing /data/data/com.termux/files/usr/share/nvim/runtime/plugin/gzip.vim
151.591  000.096  000.096: sourcing /data/data/com.termux/files/usr/share/nvim/runtime/plugin/health.vim
151.974  000.274  000.274: sourcing /data/data/com.termux/files/usr/share/nvim/runtime/plugin/man.vim
152.183  000.095  000.095: sourcing /data/data/com.termux/files/usr/share/nvim/runtime/plugin/matchit.vim

153.821  001.531  001.531: sourcing /data/data/com.termux/files/usr/share/nvim/runtime/plugin/matchparen.vim
hsh54.895  000.840  000.840: sourcing /data/data/com.termux/files/usr/share/nvim/runtime/plugin/netrwPlugin.vim
162.078  000.116  000.116: sourcing /data/data/com.termux/files/home/.local/share/nvim/rplugin.vim
162.168  007.071  006.955: sourcing /data/data/com.termux/files/usr/share/nvim/runtime/plugin/rplugin.vim
162.875  000.578  000.578: sourcing /data/data/com.termux/files/usr/share/nvim/runtime/plugin/shada.vim
163.173  000.108  000.108: sourcing /data/data/com.termux/files/usr/share/nvim/runtime/plugin/spellfile.vim
163.467  000.158  000.158: sourcing /data/data/com.termux/files/usr/share/nvim/runtime/plugin/tarPlugin.vim
163.695  000.095  000.095: sourcing /data/data/com.termux/files/usr/share/nvim/runtime/plugin/tohtml.vim
163.975  000.152  000.152: sourcing /data/data/com.termux/files/usr/share/nvim/runtime/plugin/tutor.vim
164.315  000.191  000.191: sourcing /data/data/com.termux/files/usr/share/nvim/runtime/plugin/zipPlugin.vim
171.365  006.380  006.380: sourcing /data/data/com.termux/files/home/.config/nvim/plugin/packer_compiled.lua
173.881  015.581: loading rtp plugins
176.832  000.242  000.242: sourcing /data/data/com.termux/files/home/.local/share/nvim/site/pack/packer/start/plenary.nvim/plugin/plenary.vim
178.166  000.100  000.100: sourcing /data/data/com.termux/files/home/.local/share/nvim/site/pack/packer/start/which-key.nvim/plugin/which-key.vim
180.006  005.784: loading packages
185.572  005.566: loading after plugins
185.704  000.132: inits 3
222.747  037.043: reading ShaDa
222.933  000.185: opening buffers
222.951  000.018: BufEnter autocommands
222.968  000.017: editing files in windows
271.675  048.708: VimEnter autocommands
271.711  000.036: UIEnter autocommands
275.072  002.522  002.522: sourcing /data/data/com.termux/files/usr/share/nvim/runtime/autoload/provider/clipboard.vim
275.135  000.901: before starting main loop
276.725  001.590: first screen update
276.744  000.020: --- NVIM STARTED ---
